Using pre-set license
Built from '2020.3/staging' branch; Version is '2020.3.3f1 (76626098c1c4) revision 7758432'; Using compiler version '192528614'; Build Type 'Release'
OS: 'Windows 10 Home Single Language; OS build 19041.928; Version 2004; 64bit' Language: 'tr' Physical Memory: 12172 MB
BatchMode: 1, IsHumanControllingUs: 0, StartBugReporterOnCrash: 0, Is64bit: 1, IsPro: 0

 COMMAND LINE ARGUMENTS:
C:\Program Files\Unity\Hub\Editor\2020.3.3f1\Editor\Unity.exe
-adb2
-batchMode
-noUpm
-name
AssetImportWorker2
-projectPath
C:/Users/asus/Documents/GitHub/BasketRace
-logFile
Logs/AssetImportWorker2.log
-srvPort
49342
Successfully changed project path to: C:/Users/asus/Documents/GitHub/BasketRace
C:/Users/asus/Documents/GitHub/BasketRace
Using Asset Import Pipeline V2.
Refreshing native plugins compatible for Editor in 344.96 ms, found 0 plugins.
Preloading 0 native plugins for Editor in 0.00 ms.
Initialize engine version: 2020.3.3f1 (76626098c1c4)
[Subsystems] Discovering subsystems at path C:/Program Files/Unity/Hub/Editor/2020.3.3f1/Editor/Data/Resources/UnitySubsystems
[Subsystems] Discovering subsystems at path C:/Users/asus/Documents/GitHub/BasketRace/Assets
GfxDevice: creating device client; threaded=0
Direct3D:
    Version:  Direct3D 11.0 [level 11.0]
    Renderer: NVIDIA GeForce 940MX (ID=0x134d)
    Vendor:   
    VRAM:     2010 MB
    Driver:   27.21.14.5167
Initialize mono
Mono path[0] = 'C:/Program Files/Unity/Hub/Editor/2020.3.3f1/Editor/Data/Managed'
Mono path[1] = 'C:/Program Files/Unity/Hub/Editor/2020.3.3f1/Editor/Data/MonoBleedingEdge/lib/mono/unityjit'
Mono config path = 'C:/Program Files/Unity/Hub/Editor/2020.3.3f1/Editor/Data/MonoBleedingEdge/etc'
Using monoOptions --debugger-agent=transport=dt_socket,embedding=1,server=y,suspend=n,address=127.0.0.1:56788
Begin MonoManager ReloadAssembly
Registering precompiled unity dll's ...
Register platform support module: C:/Program Files/Unity/Hub/Editor/2020.3.3f1/Editor/Data/PlaybackEngines/WindowsStandaloneSupport/UnityEditor.WindowsStandalone.Extensions.dll
Registered in 0.006234 seconds.
Native extension for WindowsStandalone target not found
Refreshing native plugins compatible for Editor in 114.47 ms, found 0 plugins.
Preloading 0 native plugins for Editor in 0.00 ms.
Invoked RoslynAnalysisRunner static constructor.
RoslynAnalysisRunner will not be running.
RoslynAnalysisRunner has terminated.
Mono: successfully reloaded assembly
- Completed reload, in  7.332 seconds
Platform modules already initialized, skipping
Registering precompiled user dll's ...
Registered in 0.002507 seconds.
Begin MonoManager ReloadAssembly
Native extension for WindowsStandalone target not found
Refreshing native plugins compatible for Editor in 0.43 ms, found 0 plugins.
Preloading 0 native plugins for Editor in 0.00 ms.
Invoked RoslynAnalysisRunner static constructor.
RoslynAnalysisRunner will not be running.
RoslynAnalysisRunner has terminated.
Mono: successfully reloaded assembly
- Completed reload, in  2.343 seconds
Platform modules already initialized, skipping
========================================================================
Worker process is ready to serve import requests
Launched and connected shader compiler UnityShaderCompiler.exe after 0.29 seconds
Refreshing native plugins compatible for Editor in 0.35 ms, found 0 plugins.
Preloading 0 native plugins for Editor in 0.00 ms.
Unloading 1282 Unused Serialized files (Serialized files now loaded: 0)
System memory in use before: 65.3 MB.
System memory in use after: 65.3 MB.

Unloading 22 unused Assets to reduce memory usage. Loaded Objects now: 1715.
Total: 2.794100 ms (FindLiveObjects: 0.616200 ms CreateObjectMapping: 0.251500 ms MarkObjects: 1.850700 ms  DeleteObjects: 0.074100 ms)

========================================================================
Received Import Request.
  path: Assets/Scenes/SampleScene.unity
  artifactKey: Guid(9fc0d4010bbf28b4594072e72b8655ab) Importer(815301076,1909f56bfc062723c751e8b465ee728b)
Start importing Assets/Scenes/SampleScene.unity using Guid(9fc0d4010bbf28b4594072e72b8655ab) Importer(815301076,1909f56bfc062723c751e8b465ee728b)  -> (artifact id: 'ef02db93c46e5bc9e0515711acfe7ca5') in 0.057624 seconds
  Import took 0.060565 seconds .

========================================================================
Received Import Request.
  Time since last request: 1041.758936 seconds.
  path: Assets/Scripts/DrawTrajectory.cs
  artifactKey: Guid(02ab1d67fbd97dc479ea01c54f808052) Importer(815301076,1909f56bfc062723c751e8b465ee728b)
Start importing Assets/Scripts/DrawTrajectory.cs using Guid(02ab1d67fbd97dc479ea01c54f808052) Importer(815301076,1909f56bfc062723c751e8b465ee728b)  -> (artifact id: '72682256d1c3c43f97038c99790178c6') in 0.064397 seconds
  Import took 0.067408 seconds .

========================================================================
Received Import Request.
  Time since last request: 11.758664 seconds.
  path: Assets/Scripts/DrawTrajectory.cs
  artifactKey: Guid(02ab1d67fbd97dc479ea01c54f808052) Importer(815301076,1909f56bfc062723c751e8b465ee728b)
Start importing Assets/Scripts/DrawTrajectory.cs using Guid(02ab1d67fbd97dc479ea01c54f808052) Importer(815301076,1909f56bfc062723c751e8b465ee728b)  -> (artifact id: '72682256d1c3c43f97038c99790178c6') in 0.003010 seconds
  Import took 0.005457 seconds .

========================================================================
Received Prepare
Refreshing native plugins compatible for Editor in 4.89 ms, found 0 plugins.
Preloading 0 native plugins for Editor in 0.00 ms.
Unloading 15 Unused Serialized files (Serialized files now loaded: 0)
System memory in use before: 38.8 MB.
System memory in use after: 38.9 MB.

Unloading 15 unused Assets to reduce memory usage. Loaded Objects now: 1715.
Total: 5.634900 ms (FindLiveObjects: 0.412200 ms CreateObjectMapping: 0.110900 ms MarkObjects: 5.046000 ms  DeleteObjects: 0.047300 ms)

========================================================================
Received Import Request.
  Time since last request: 111.137598 seconds.
  path: Assets/Scripts/DragAndShoot.cs
  artifactKey: Guid(d804ea21bd203064fb2251999c332071) Importer(815301076,1909f56bfc062723c751e8b465ee728b)
Start importing Assets/Scripts/DragAndShoot.cs using Guid(d804ea21bd203064fb2251999c332071) Importer(815301076,1909f56bfc062723c751e8b465ee728b)  -> (artifact id: 'd07831ea188f74bc64eb8d319f9c6207') in 0.032164 seconds
  Import took 0.036229 seconds .

========================================================================
Received Import Request.
  Time since last request: 0.001036 seconds.
  path: Assets/Scripts/DragAndShoot.cs
  artifactKey: Guid(d804ea21bd203064fb2251999c332071) Importer(815301076,1909f56bfc062723c751e8b465ee728b)
Start importing Assets/Scripts/DragAndShoot.cs using Guid(d804ea21bd203064fb2251999c332071) Importer(815301076,1909f56bfc062723c751e8b465ee728b)  -> (artifact id: 'd07831ea188f74bc64eb8d319f9c6207') in 0.015069 seconds
  Import took 0.020375 seconds .

AssetImportWorkerClient::OnTransportError - code=2 error=End of file
